2020-05-13 16:22:31.662  INFO 7542 --- [main] c.e.demoaoplog.DemoAopLogApplication     : Starting DemoAopLogApplication on CundeiMac.local with PID 7542 (/Users/cunethan/Desktop/Java/demo-aop-log/target/classes started by cunethan in /Users/cunethan/Desktop/Java/demo-aop-log)
2020-05-13 16:22:31.664  INFO 7542 --- [main] c.e.demoaoplog.DemoAopLogApplication     : No active profile set, falling back to default profiles: default
2020-05-13 16:22:33.125  INFO 7542 --- [main] o.s.b.w.embedded.tomcat.TomcatWebServer  : Tomcat initialized with port(s): 8008 (http)
2020-05-13 16:22:33.132  INFO 7542 --- [main] o.apache.catalina.core.StandardService   : Starting service [Tomcat]
2020-05-13 16:22:33.132  INFO 7542 --- [main] org.apache.catalina.core.StandardEngine  : Starting Servlet engine: [Apache Tomcat/9.0.34]
2020-05-13 16:22:33.528  INFO 7542 --- [main] o.a.c.c.C.[Tomcat].[localhost].[/]       : Initializing Spring embedded WebApplicationContext
2020-05-13 16:22:33.528  INFO 7542 --- [main] o.s.web.context.ContextLoader            : Root WebApplicationContext: initialization completed in 1822 ms
2020-05-13 16:22:33.809  INFO 7542 --- [main] o.s.s.concurrent.ThreadPoolTaskExecutor  : Initializing ExecutorService 'applicationTaskExecutor'
2020-05-13 16:22:34.023  INFO 7542 --- [main] o.s.b.w.embedded.tomcat.TomcatWebServer  : Tomcat started on port(s): 8008 (http) with context path ''
2020-05-13 16:22:34.026  INFO 7542 --- [main] c.e.demoaoplog.DemoAopLogApplication     : Started DemoAopLogApplication in 2.835 seconds (JVM running for 4.663)
2020-05-13 16:22:53.914  INFO 7542 --- [http-nio-8008-exec-1] o.a.c.c.C.[Tomcat].[localhost].[/]       : Initializing Spring DispatcherServlet 'dispatcherServlet'
2020-05-13 16:22:53.924  INFO 7542 --- [http-nio-8008-exec-1] o.s.web.servlet.DispatcherServlet        : Initializing Servlet 'dispatcherServlet'
2020-05-13 16:22:53.934  INFO 7542 --- [http-nio-8008-exec-1] o.s.web.servlet.DispatcherServlet        : Completed initialization in 10 ms
2020-05-13 16:22:53.969  INFO 7542 --- [http-nio-8008-exec-1] c.e.demoaoplog.Aspect.WebLogAspect       : 请求地址: http://localhost:8008/log1
2020-05-13 16:22:53.970  INFO 7542 --- [http-nio-8008-exec-1] c.e.demoaoplog.Aspect.WebLogAspect       : 请求方式: GET
2020-05-13 16:22:53.970  INFO 7542 --- [http-nio-8008-exec-1] c.e.demoaoplog.Aspect.WebLogAspect       : 请求sessionId: null
2020-05-13 16:22:53.970  INFO 7542 --- [http-nio-8008-exec-1] c.e.demoaoplog.Aspect.WebLogAspect       : 请求query参数: username=czy&password=xxx
2020-05-13 16:22:53.970  INFO 7542 --- [http-nio-8008-exec-1] c.e.demoaoplog.Aspect.WebLogAspect       : 请求map参数: org.apache.catalina.util.ParameterMap@7e91a7e4
2020-05-13 16:22:53.970  INFO 7542 --- [http-nio-8008-exec-1] c.e.demoaoplog.Aspect.WebLogAspect       : 请求发起地址: 127.0.0.1
2020-05-13 16:22:53.971  INFO 7542 --- [http-nio-8008-exec-1] c.e.demoaoplog.Aspect.WebLogAspect       : 包名：com.example.demoaoplog.controller.Controller1 方法名:log1
2020-05-13 16:22:53.983  INFO 7542 --- [http-nio-8008-exec-1] c.e.demoaoplog.Aspect.WebLogAspect       : 请求body数据: {"name":"zhang", "age":20}
2020-05-13 16:22:53.983  INFO 7542 --- [http-nio-8008-exec-1] c.e.demoaoplog.Aspect.WebLogAspect       : =================================================================
2020-05-13 16:22:53.983  INFO 7542 --- [http-nio-8008-exec-1] c.e.demoaoplog.Aspect.WebLogAspect       : =================================================================
2020-05-13 16:22:53.983  INFO 7542 --- [http-nio-8008-exec-1] c.e.demoaoplog.Aspect.WebLogAspect       : =================================================================
2020-05-13 16:23:47.379  INFO 7542 --- [SpringContextShutdownHook] o.s.s.concurrent.ThreadPoolTaskExecutor  : Shutting down ExecutorService 'applicationTaskExecutor'
